27-Jul-2016 08:09:53.902 INFO [main] org.apache.catalina.startup.VersionLoggerListener.log Server version:        Apache Tomcat/8.0.36
27-Jul-2016 08:09:53.915 INFO [main] org.apache.catalina.startup.VersionLoggerListener.log Server built:          Jun 9 2016 13:55:50 UTC
27-Jul-2016 08:09:53.916 INFO [main] org.apache.catalina.startup.VersionLoggerListener.log Server number:         8.0.36.0
27-Jul-2016 08:09:53.916 INFO [main] org.apache.catalina.startup.VersionLoggerListener.log OS Name:               Linux
27-Jul-2016 08:09:53.917 INFO [main] org.apache.catalina.startup.VersionLoggerListener.log OS Version:            4.4.8-boot2docker
27-Jul-2016 08:09:53.917 INFO [main] org.apache.catalina.startup.VersionLoggerListener.log Architecture:          amd64
27-Jul-2016 08:09:53.918 INFO [main] org.apache.catalina.startup.VersionLoggerListener.log Java Home:             /usr/lib/jvm/java-7-openjdk-amd64/jre
27-Jul-2016 08:09:53.919 INFO [main] org.apache.catalina.startup.VersionLoggerListener.log JVM Version:           1.7.0_101-b00
27-Jul-2016 08:09:53.921 INFO [main] org.apache.catalina.startup.VersionLoggerListener.log JVM Vendor:            Oracle Corporation
27-Jul-2016 08:09:53.921 INFO [main] org.apache.catalina.startup.VersionLoggerListener.log CATALINA_BASE:         /usr/local/tomcat
27-Jul-2016 08:09:53.922 INFO [main] org.apache.catalina.startup.VersionLoggerListener.log CATALINA_HOME:         /usr/local/tomcat
27-Jul-2016 08:09:53.923 INFO [main] org.apache.catalina.startup.VersionLoggerListener.log Command line argument: -Djava.util.logging.config.file=/usr/local/tomcat/conf/logging.properties
27-Jul-2016 08:09:53.954 INFO [main] org.apache.catalina.startup.VersionLoggerListener.log Command line argument: -Djava.util.logging.manager=org.apache.juli.ClassLoaderLogManager
27-Jul-2016 08:09:53.955 INFO [main] org.apache.catalina.startup.VersionLoggerListener.log Command line argument: -Djdk.tls.ephemeralDHKeySize=2048
27-Jul-2016 08:09:53.956 INFO [main] org.apache.catalina.startup.VersionLoggerListener.log Command line argument: -Djava.endorsed.dirs=/usr/local/tomcat/endorsed
27-Jul-2016 08:09:53.956 INFO [main] org.apache.catalina.startup.VersionLoggerListener.log Command line argument: -Dcatalina.base=/usr/local/tomcat
27-Jul-2016 08:09:53.957 INFO [main] org.apache.catalina.startup.VersionLoggerListener.log Command line argument: -Dcatalina.home=/usr/local/tomcat
27-Jul-2016 08:09:53.957 INFO [main] org.apache.catalina.startup.VersionLoggerListener.log Command line argument: -Djava.io.tmpdir=/usr/local/tomcat/temp
27-Jul-2016 08:09:53.958 INFO [main] org.apache.catalina.core.AprLifecycleListener.lifecycleEvent Loaded APR based Apache Tomcat Native library 1.2.7 using APR version 1.5.1.
27-Jul-2016 08:09:53.959 INFO [main] org.apache.catalina.core.AprLifecycleListener.lifecycleEvent APR capabilities: IPv6 [true], sendfile [true], accept filters [false], random [true].
27-Jul-2016 08:09:53.963 INFO [main] org.apache.catalina.core.AprLifecycleListener.initializeSSL OpenSSL successfully initialized (OpenSSL 1.0.2h  3 May 2016)
27-Jul-2016 08:09:54.199 INFO [main] org.apache.coyote.AbstractProtocol.init Initializing ProtocolHandler ["http-apr-8080"]
27-Jul-2016 08:09:54.262 INFO [main] org.apache.coyote.AbstractProtocol.init Initializing ProtocolHandler ["ajp-apr-8009"]
27-Jul-2016 08:09:54.267 INFO [main] org.apache.catalina.startup.Catalina.load Initialization processed in 1843 ms
27-Jul-2016 08:09:54.375 INFO [main] org.apache.catalina.core.StandardService.startInternal Starting service Catalina
27-Jul-2016 08:09:54.393 INFO [main] org.apache.catalina.core.StandardEngine.startInternal Starting Servlet Engine: Apache Tomcat/8.0.36
27-Jul-2016 08:09:54.474 INFO [localhost-startStop-1] org.apache.catalina.startup.HostConfig.deployDirectory Deploying web application directory /usr/local/tomcat/webapps/manager
27-Jul-2016 08:09:55.856 INFO [localhost-startStop-1] org.apache.catalina.startup.HostConfig.deployDirectory Deployment of web application directory /usr/local/tomcat/webapps/manager has finished in 1,381 ms
27-Jul-2016 08:09:55.857 INFO [localhost-startStop-1] org.apache.catalina.startup.HostConfig.deployDirectory Deploying web application directory /usr/local/tomcat/webapps/docs
27-Jul-2016 08:09:55.883 INFO [localhost-startStop-1] org.apache.catalina.startup.HostConfig.deployDirectory Deployment of web application directory /usr/local/tomcat/webapps/docs has finished in 26 ms
27-Jul-2016 08:09:55.884 INFO [localhost-startStop-1] org.apache.catalina.startup.HostConfig.deployDirectory Deploying web application directory /usr/local/tomcat/webapps/host-manager
27-Jul-2016 08:09:55.917 INFO [localhost-startStop-1] org.apache.catalina.startup.HostConfig.deployDirectory Deployment of web application directory /usr/local/tomcat/webapps/host-manager has finished in 33 ms
27-Jul-2016 08:09:55.918 INFO [localhost-startStop-1] org.apache.catalina.startup.HostConfig.deployDirectory Deploying web application directory /usr/local/tomcat/webapps/examples
27-Jul-2016 08:09:56.515 INFO [localhost-startStop-1] org.apache.catalina.startup.HostConfig.deployDirectory Deployment of web application directory /usr/local/tomcat/webapps/examples has finished in 597 ms
27-Jul-2016 08:09:56.516 INFO [localhost-startStop-1] org.apache.catalina.startup.HostConfig.deployDirectory Deploying web application directory /usr/local/tomcat/webapps/ROOT
27-Jul-2016 08:09:56.634 INFO [localhost-startStop-1] org.apache.catalina.startup.HostConfig.deployDirectory Deployment of web application directory /usr/local/tomcat/webapps/ROOT has finished in 118 ms
27-Jul-2016 08:09:56.640 INFO [main] org.apache.coyote.AbstractProtocol.start Starting ProtocolHandler ["http-apr-8080"]
27-Jul-2016 08:09:56.651 INFO [main] org.apache.coyote.AbstractProtocol.start Starting ProtocolHandler ["ajp-apr-8009"]
27-Jul-2016 08:09:56.665 INFO [main] org.apache.catalina.startup.Catalina.start Server startup in 2369 ms
